2026-01-15 21:20:59,459 - fetch.py - get_dataset - INFO - Step 1: Loading Subject 1 from BNCI2014_001...
2026-01-15 21:21:00,988 - fetch.py - get_dataset - INFO - Step 1: Loading Subject 1 from Schirrmeister2017...
2026-01-15 21:24:58,904 - fetch.py - get_dataset - INFO - Step 1: Loading Subject 1 from BNCI2014_001...
2026-01-15 21:25:00,571 - dataset.py - preprocess_data - INFO - Preprocessing: Filtering (4.0-None Hz)...
2026-01-15 21:25:00,611 - dataset.py - preprocess_data - INFO - Preprocessing: Applying Z-score normalization...
2026-01-15 21:25:00,622 - dataset.py - preprocess_data - INFO - Preprocessing: Filtering (4.0-None Hz)...
2026-01-15 21:25:00,674 - dataset.py - preprocess_data - INFO - Preprocessing: Applying Z-score normalization...
2026-01-15 21:25:00,685 - ui.py - plot_psd - INFO - Plotting power spectral density (dB=True).
2026-01-15 21:25:00,962 - ui.py - plot_psd - INFO - Saved PSD plot to /Users/Helen/Desktop/Israel_documents/Lecture_material/Advanced_Python/Final_Python_Project/New_Final/neuro_deep_learning/results/psd_plot_BNCI2014_001.png
2026-01-15 21:25:00,962 - ui.py - plot_raw_trace - INFO - Plotting first 5 seconds of raw EEG...
2026-01-15 21:25:01,064 - ui.py - plot_raw_trace - INFO - Saved Raw EEG plot to /Users/Helen/Desktop/Israel_documents/Lecture_material/Advanced_Python/Final_Python_Project/New_Final/neuro_deep_learning/results/raw_eeg_trace_BNCI2014_001.png
2026-01-15 21:25:01,065 - fetch.py - get_dataset - INFO - Step 1: Loading Subject 1 from Schirrmeister2017...
2026-01-15 21:25:06,465 - dataset.py - preprocess_data - INFO - Preprocessing: Filtering (4.0-None Hz)...
2026-01-15 21:25:08,745 - dataset.py - preprocess_data - INFO - Preprocessing: Applying Z-score normalization...
2026-01-15 21:25:12,327 - dataset.py - preprocess_data - INFO - Preprocessing: Filtering (4.0-None Hz)...
2026-01-15 21:25:14,671 - dataset.py - preprocess_data - INFO - Preprocessing: Applying Z-score normalization...
2026-01-15 21:25:17,163 - ui.py - plot_psd - INFO - Plotting power spectral density (dB=True).
2026-01-15 21:25:19,701 - ui.py - plot_psd - INFO - Saved PSD plot to /Users/Helen/Desktop/Israel_documents/Lecture_material/Advanced_Python/Final_Python_Project/New_Final/neuro_deep_learning/results/psd_plot_Schirrmeister2017.png
2026-01-15 21:25:19,701 - ui.py - plot_raw_trace - INFO - Plotting first 5 seconds of raw EEG...
2026-01-15 21:25:19,794 - ui.py - plot_raw_trace - INFO - Saved Raw EEG plot to /Users/Helen/Desktop/Israel_documents/Lecture_material/Advanced_Python/Final_Python_Project/New_Final/neuro_deep_learning/results/raw_eeg_trace_Schirrmeister2017.png
2026-01-15 21:29:51,803 - fetch.py - get_dataset - INFO - Step 1: Loading Subject 1 from BNCI2014_001...
2026-01-15 21:29:53,256 - dataset.py - preprocess_data - INFO - Preprocessing: Filtering (4.0-None Hz)...
2026-01-15 21:29:53,296 - dataset.py - preprocess_data - INFO - Preprocessing: Applying Z-score normalization...
2026-01-15 21:29:53,306 - dataset.py - preprocess_data - INFO - Preprocessing: Filtering (4.0-None Hz)...
2026-01-15 21:29:53,347 - dataset.py - preprocess_data - INFO - Preprocessing: Applying Z-score normalization...
2026-01-15 21:29:53,357 - ui.py - plot_psd - INFO - Plotting power spectral density (dB=True).
2026-01-15 21:29:53,558 - ui.py - plot_psd - INFO - Saved PSD plot to /Users/Helen/Desktop/Israel_documents/Lecture_material/Advanced_Python/Final_Python_Project/New_Final/neuro_deep_learning/results/psd_plot_BNCI2014_001.png
2026-01-15 21:29:53,558 - ui.py - plot_raw_trace - INFO - Plotting first 5 seconds of raw EEG...
2026-01-15 21:29:53,657 - ui.py - plot_raw_trace - INFO - Saved Raw EEG plot to /Users/Helen/Desktop/Israel_documents/Lecture_material/Advanced_Python/Final_Python_Project/New_Final/neuro_deep_learning/results/raw_eeg_trace_BNCI2014_001.png
2026-01-15 21:29:53,657 - dataset.py - make_epochs - INFO - Segmenting raw data into epochs (tmin=0.0, tmax=4.0)...
2026-01-15 21:29:53,672 - dataset.py - make_epochs - INFO - Segmenting raw data into epochs (tmin=0.0, tmax=4.0)...
2026-01-15 21:29:53,681 - dataset.py - remove_artifact_trials - INFO - Artifact Removal: Keeping 48/48 trials
2026-01-15 21:29:53,683 - dataset.py - remove_artifact_trials - INFO - Artifact Removal: Keeping 48/48 trials
2026-01-15 21:29:53,702 - fetch.py - get_dataset - INFO - Step 1: Loading Subject 1 from Schirrmeister2017...
2026-01-15 21:29:58,719 - dataset.py - preprocess_data - INFO - Preprocessing: Filtering (4.0-None Hz)...
2026-01-15 21:29:59,111 - dataset.py - preprocess_data - INFO - Resampling from 500.0 to 250Hz
2026-01-15 21:30:06,413 - dataset.py - preprocess_data - INFO - Preprocessing: Applying Z-score normalization...
2026-01-15 21:30:07,595 - dataset.py - preprocess_data - INFO - Preprocessing: Filtering (4.0-None Hz)...
2026-01-15 21:30:08,394 - dataset.py - preprocess_data - INFO - Resampling from 500.0 to 250Hz
2026-01-15 21:30:16,611 - dataset.py - preprocess_data - INFO - Preprocessing: Applying Z-score normalization...
2026-01-15 21:30:18,300 - ui.py - plot_psd - INFO - Plotting power spectral density (dB=True).
2026-01-15 21:30:21,010 - ui.py - plot_psd - INFO - Saved PSD plot to /Users/Helen/Desktop/Israel_documents/Lecture_material/Advanced_Python/Final_Python_Project/New_Final/neuro_deep_learning/results/psd_plot_Schirrmeister2017.png
2026-01-15 21:30:21,011 - ui.py - plot_raw_trace - INFO - Plotting first 5 seconds of raw EEG...
2026-01-15 21:30:21,101 - ui.py - plot_raw_trace - INFO - Saved Raw EEG plot to /Users/Helen/Desktop/Israel_documents/Lecture_material/Advanced_Python/Final_Python_Project/New_Final/neuro_deep_learning/results/raw_eeg_trace_Schirrmeister2017.png
2026-01-15 21:30:21,101 - dataset.py - make_epochs - INFO - Segmenting raw data into epochs (tmin=0.0, tmax=4.0)...
2026-01-15 21:30:21,264 - dataset.py - make_epochs - INFO - Segmenting raw data into epochs (tmin=0.0, tmax=4.0)...
2026-01-15 21:30:21,501 - dataset.py - remove_artifact_trials - INFO - Artifact Removal: Keeping 307/320 trials
2026-01-15 21:30:21,591 - dataset.py - remove_artifact_trials - INFO - Artifact Removal: Keeping 307/320 trials
2026-01-15 21:56:25,581 - fetch.py - get_dataset - INFO - Step 1: Loading Subject 1 from BNCI2014_001...
2026-01-15 21:56:27,000 - dataset.py - preprocess_data - INFO - Preprocessing: Filtering (4.0-None Hz)...
2026-01-15 21:56:27,039 - dataset.py - preprocess_data - INFO - Preprocessing: Applying Z-score normalization...
2026-01-15 21:56:27,049 - dataset.py - preprocess_data - INFO - Preprocessing: Filtering (4.0-None Hz)...
2026-01-15 21:56:27,086 - dataset.py - preprocess_data - INFO - Preprocessing: Applying Z-score normalization...
2026-01-15 21:56:27,095 - ui.py - plot_psd - INFO - Plotting power spectral density (dB=True).
2026-01-15 21:56:27,308 - ui.py - plot_psd - INFO - Saved PSD plot to /Users/Helen/Desktop/Israel_documents/Lecture_material/Advanced_Python/Final_Python_Project/New_Final/neuro_deep_learning/results/psd_plot_BNCI2014_001.png
2026-01-15 21:56:27,308 - ui.py - plot_raw_trace - INFO - Plotting first 5 seconds of raw EEG...
2026-01-15 21:56:27,403 - ui.py - plot_raw_trace - INFO - Saved Raw EEG plot to /Users/Helen/Desktop/Israel_documents/Lecture_material/Advanced_Python/Final_Python_Project/New_Final/neuro_deep_learning/results/raw_eeg_trace_BNCI2014_001.png
2026-01-15 21:56:27,403 - dataset.py - make_epochs - INFO - Segmenting raw data into epochs (tmin=0.0, tmax=4.0)...
2026-01-15 21:56:27,412 - dataset.py - remove_artifact_trials - INFO - Artifact Removal: Keeping 48/48 trials
2026-01-15 21:57:11,687 - fetch.py - get_dataset - INFO - Step 1: Loading Subject 1 from Schirrmeister2017...
2026-01-15 21:57:19,107 - dataset.py - preprocess_data - INFO - Preprocessing: Filtering (4.0-None Hz)...
2026-01-15 21:57:19,555 - dataset.py - preprocess_data - INFO - Resampling from 500.0 to 250Hz
2026-01-15 21:57:27,004 - dataset.py - preprocess_data - INFO - Preprocessing: Applying Z-score normalization...
2026-01-15 21:57:28,200 - dataset.py - preprocess_data - INFO - Preprocessing: Filtering (4.0-None Hz)...
2026-01-15 21:57:28,797 - dataset.py - preprocess_data - INFO - Resampling from 500.0 to 250Hz
2026-01-15 21:57:35,666 - dataset.py - preprocess_data - INFO - Preprocessing: Applying Z-score normalization...
2026-01-15 21:57:36,907 - ui.py - plot_psd - INFO - Plotting power spectral density (dB=True).
2026-01-15 21:57:39,061 - ui.py - plot_psd - INFO - Saved PSD plot to /Users/Helen/Desktop/Israel_documents/Lecture_material/Advanced_Python/Final_Python_Project/New_Final/neuro_deep_learning/results/psd_plot_Schirrmeister2017.png
2026-01-15 21:57:39,061 - ui.py - plot_raw_trace - INFO - Plotting first 5 seconds of raw EEG...
2026-01-15 21:57:39,160 - ui.py - plot_raw_trace - INFO - Saved Raw EEG plot to /Users/Helen/Desktop/Israel_documents/Lecture_material/Advanced_Python/Final_Python_Project/New_Final/neuro_deep_learning/results/raw_eeg_trace_Schirrmeister2017.png
2026-01-15 21:57:39,160 - dataset.py - make_epochs - INFO - Segmenting raw data into epochs (tmin=0.0, tmax=4.0)...
2026-01-15 21:57:39,380 - dataset.py - remove_artifact_trials - INFO - Artifact Removal: Keeping 307/320 trials
2026-01-15 22:03:10,691 - fetch.py - get_dataset - INFO - Step 1: Loading Subject 1 from BNCI2014_001...
2026-01-15 22:03:12,138 - dataset.py - preprocess_data - INFO - Preprocessing: Filtering (4.0-None Hz)...
2026-01-15 22:03:12,183 - dataset.py - preprocess_data - INFO - Preprocessing: Applying Z-score normalization...
2026-01-15 22:03:12,193 - dataset.py - preprocess_data - INFO - Preprocessing: Filtering (4.0-None Hz)...
2026-01-15 22:03:12,235 - dataset.py - preprocess_data - INFO - Preprocessing: Applying Z-score normalization...
2026-01-15 22:03:12,244 - ui.py - plot_psd - INFO - Plotting power spectral density (dB=True).
2026-01-15 22:03:12,444 - ui.py - plot_psd - INFO - Saved PSD plot to /Users/Helen/Desktop/Israel_documents/Lecture_material/Advanced_Python/Final_Python_Project/New_Final/neuro_deep_learning/results/psd_plot_BNCI2014_001.png
2026-01-15 22:03:12,444 - ui.py - plot_raw_trace - INFO - Plotting first 5 seconds of raw EEG...
2026-01-15 22:03:12,543 - ui.py - plot_raw_trace - INFO - Saved Raw EEG plot to /Users/Helen/Desktop/Israel_documents/Lecture_material/Advanced_Python/Final_Python_Project/New_Final/neuro_deep_learning/results/raw_eeg_trace_BNCI2014_001.png
2026-01-15 22:03:12,543 - dataset.py - make_epochs - INFO - Segmenting raw data into epochs (tmin=0.0, tmax=4.0)...
2026-01-15 22:03:12,554 - dataset.py - remove_artifact_trials - INFO - Artifact Removal: Keeping 48/48 trials
2026-01-20 18:23:17,568 - fetch.py - get_dataset - INFO - Step 1: Loading Subject 1 from BNCI2014_001...
2026-01-20 18:23:19,038 - dataset.py - preprocess_data - INFO - Preprocessing: Filtering (4.0-None Hz)...
2026-01-20 18:23:19,090 - dataset.py - preprocess_data - INFO - Preprocessing: Applying Z-score normalization...
2026-01-20 18:23:19,101 - dataset.py - preprocess_data - INFO - Preprocessing: Filtering (4.0-None Hz)...
2026-01-20 18:23:19,151 - dataset.py - preprocess_data - INFO - Preprocessing: Applying Z-score normalization...
2026-01-20 18:23:19,161 - visualization.py - plot_psd - INFO - Plotting power spectral density (dB=True).
2026-01-20 18:23:19,395 - visualization.py - plot_psd - INFO - Saved PSD plot to /Users/Helen/Desktop/Israel_documents/Lecture_material/Advanced_Python/Final_Python_Project/New_Final/neuro_deep_learning/results/psd_plot_BNCI2014_001.png
2026-01-20 18:23:19,395 - visualization.py - plot_raw_trace - INFO - Plotting first 5 seconds of raw EEG...
2026-01-20 18:23:19,495 - visualization.py - plot_raw_trace - INFO - Saved Raw EEG plot to /Users/Helen/Desktop/Israel_documents/Lecture_material/Advanced_Python/Final_Python_Project/New_Final/neuro_deep_learning/results/raw_eeg_trace_BNCI2014_001.png
2026-01-20 18:23:19,495 - dataset.py - make_epochs - INFO - Segmenting raw data into epochs (tmin=0.0, tmax=4.0)...
2026-01-20 18:23:19,506 - dataset.py - remove_artifact_trials - INFO - Artifact Removal: Keeping 48/48 trials
